Traceback (most recent call last):
  File "C:\Users\acer\AppData\Local\Programs\Python\Python39\lib\site-packages\jupyter_cache\executors\utils.py", line 58, in single_nb_execution
    executenb(
  File "C:\Users\acer\AppData\Local\Programs\Python\Python39\lib\site-packages\nbclient\client.py", line 1319, in execute
    return NotebookClient(nb=nb, resources=resources, km=km, **kwargs).execute()
  File "C:\Users\acer\AppData\Roaming\Python\Python39\site-packages\jupyter_core\utils\__init__.py", line 165, in wrapped
    return loop.run_until_complete(inner)
  File "C:\Users\acer\AppData\Local\Programs\Python\Python39\lib\asyncio\base_events.py", line 647, in run_until_complete
    return future.result()
  File "C:\Users\acer\AppData\Local\Programs\Python\Python39\lib\site-packages\nbclient\client.py", line 709, in async_execute
    await self.async_execute_cell(
  File "C:\Users\acer\AppData\Local\Programs\Python\Python39\lib\site-packages\nbclient\client.py", line 1062, in async_execute_cell
    await self._check_raise_for_error(cell, cell_index, exec_reply)
  File "C:\Users\acer\AppData\Local\Programs\Python\Python39\lib\site-packages\nbclient\client.py", line 918, in _check_raise_for_error
    raise CellExecutionError.from_cell_and_msg(cell, exec_reply_content)
nbclient.exceptions.CellExecutionError: An error occurred while executing the following cell:
------------------
import os
from pydub import AudioSegment

folder = r"C:\Semester5\psd\psd\uji\buka"
files = [f for f in os.listdir(folder) if f.endswith(".waptt")]

for idx, fname in enumerate(sorted(files)):
    src_path = os.path.join(folder, fname)
    # dst_path = os.path.join(folder, f"buka_uji_{idx}.wav")
    dst_path = os.path.join(folder, f"buka_uji_5.wav")
    # Konversi ke wav (ganti 'AudioSegment.from_file' jika format .waptt tidak dikenali, misal .mp3, .ogg, dll)
    audio = AudioSegment.from_file(src_path)
    audio.export(dst_path, format="wav")
    print(f"Converted: {src_path} -> {dst_path}")
------------------


[1;31m---------------------------------------------------------------------------[0m
[1;31mFileNotFoundError[0m                         Traceback (most recent call last)
Cell [1;32mIn[2], line 5[0m
[0;32m      2[0m [38;5;28;01mfrom[39;00m[38;5;250m [39m[38;5;21;01mpydub[39;00m[38;5;250m [39m[38;5;28;01mimport[39;00m AudioSegment
[0;32m      4[0m folder [38;5;241m=[39m [38;5;124mr[39m[38;5;124m"[39m[38;5;124mC:[39m[38;5;124m\[39m[38;5;124mSemester5[39m[38;5;124m\[39m[38;5;124mpsd[39m[38;5;124m\[39m[38;5;124mpsd[39m[38;5;124m\[39m[38;5;124muji[39m[38;5;124m\[39m[38;5;124mbuka[39m[38;5;124m"[39m
[1;32m----> 5[0m files [38;5;241m=[39m [f [38;5;28;01mfor[39;00m f [38;5;129;01min[39;00m [43mos[49m[38;5;241;43m.[39;49m[43mlistdir[49m[43m([49m[43mfolder[49m[43m)[49m [38;5;28;01mif[39;00m f[38;5;241m.[39mendswith([38;5;124m"[39m[38;5;124m.waptt[39m[38;5;124m"[39m)]
[0;32m      7[0m [38;5;28;01mfor[39;00m idx, fname [38;5;129;01min[39;00m [38;5;28menumerate[39m([38;5;28msorted[39m(files)):
[0;32m      8[0m     src_path [38;5;241m=[39m os[38;5;241m.[39mpath[38;5;241m.[39mjoin(folder, fname)

[1;31mFileNotFoundError[0m: [WinError 3] The system cannot find the path specified: 'C:\\Semester5\\psd\\psd\\uji\\buka'

